Using pre-set license

 COMMAND LINE ARGUMENTS:
/Applications/Unity/Hub/Editor/2020.3.6f1/Unity.app/Contents/MacOS/Unity
-adb2
-batchMode
-noUpm
-name
AssetImportWorker0
-projectPath
/Users/phoenixperry/Documents/TempInteractML/DelegatesAndEvents
-logFile
Logs/AssetImportWorker0.log
-srvPort
55555
Successfully changed project path to: /Users/phoenixperry/Documents/TempInteractML/DelegatesAndEvents
/Users/phoenixperry/Documents/TempInteractML/DelegatesAndEvents
Using Asset Import Pipeline V2.
Refreshing native plugins compatible for Editor in 24.72 ms, found 1 plugins.
Preloading 0 native plugins for Editor in 0.00 ms.
Initialize engine version: 2020.3.6f1 (338bb68529b2)
[Subsystems] Discovering subsystems at path /Applications/Unity/Hub/Editor/2020.3.6f1/Unity.app/Contents/Resources/UnitySubsystems
[Subsystems] Discovering subsystems at path /Users/phoenixperry/Documents/TempInteractML/DelegatesAndEvents/Assets
GfxDevice: creating device client; threaded=0
2021-05-11 13:30:20.515 Unity[6005:5643371] LG HDR 4K preferred device: Intel(R) Iris(TM) Plus Graphics 645 (low power)
2021-05-11 13:30:20.515 Unity[6005:5643371] Metal devices available: 1
2021-05-11 13:30:20.515 Unity[6005:5643371] 0: Intel(R) Iris(TM) Plus Graphics 645 (low power)
2021-05-11 13:30:20.517 Unity[6005:5643371] Using device Intel(R) Iris(TM) Plus Graphics 645 (low power)
Initializing Metal device caps: Intel(R) Iris(TM) Plus Graphics 645
Initialize mono
Mono path[0] = '/Applications/Unity/Hub/Editor/2020.3.6f1/Unity.app/Contents/Managed'
Mono path[1] = '/Applications/Unity/Hub/Editor/2020.3.6f1/Unity.app/Contents/MonoBleedingEdge/lib/mono/unityjit'
Mono config path = '/Applications/Unity/Hub/Editor/2020.3.6f1/Unity.app/Contents/MonoBleedingEdge/etc'
Using monoOptions --debugger-agent=transport=dt_socket,embedding=1,server=y,suspend=n,address=127.0.0.1:56005
Begin MonoManager ReloadAssembly
Registering precompiled unity dll's ...
Register platform support module: /Applications/Unity/Hub/Editor/2020.3.6f1/Unity.app/Contents/PlaybackEngines/MacStandaloneSupport/UnityEditor.OSXStandalone.Extensions.dll
Registered in 0.000446 seconds.
Native extension for OSXStandalone target not found
Refreshing native plugins compatible for Editor in 25.29 ms, found 1 plugins.
Preloading 0 native plugins for Editor in 0.00 ms.
Mono: successfully reloaded assembly
- Completed reload, in  2.237 seconds
Platform modules already initialized, skipping
Registering precompiled user dll's ...
Registered in 0.000705 seconds.
Begin MonoManager ReloadAssembly
Native extension for OSXStandalone target not found
Refreshing native plugins compatible for Editor in 0.37 ms, found 1 plugins.
Preloading 0 native plugins for Editor in 0.00 ms.
Mono: successfully reloaded assembly
- Completed reload, in  1.110 seconds
Platform modules already initialized, skipping
========================================================================
Worker process is ready to serve import requests
Launching external process: /Applications/Unity/Hub/Editor/2020.3.6f1/Unity.app/Contents/Tools/UnityShaderCompiler
Launched and connected shader compiler UnityShaderCompiler after 0.02 seconds
Refreshing native plugins compatible for Editor in 0.30 ms, found 1 plugins.
Preloading 0 native plugins for Editor in 0.00 ms.
Unloading 1116 Unused Serialized files (Serialized files now loaded: 0)
System memory in use before: 109.1 MB.
System memory in use after: 109.2 MB.

Unloading 10 unused Assets to reduce memory usage. Loaded Objects now: 1558.
Total: 1.683367 ms (FindLiveObjects: 0.167853 ms CreateObjectMapping: 0.033372 ms MarkObjects: 1.397921 ms  DeleteObjects: 0.082943 ms)

========================================================================
Received Import Request.
  path: Assets/delegate_example.cs
  artifactKey: Guid(6130dc36100df42ed858219c368e7afe) Importer(815301076,1909f56bfc062723c751e8b465ee728b)
Start importing Assets/delegate_example.cs using Guid(6130dc36100df42ed858219c368e7afe) Importer(815301076,1909f56bfc062723c751e8b465ee728b)  -> (artifact id: 'fa25394d104997a55eb2bb104b85bc06') in 0.322317 seconds
  Import took 0.325553 seconds .

========================================================================
Received Import Request.
  Time since last request: 5.273133 seconds.
  path: Assets/Delegate_example.cs
  artifactKey: Guid(6130dc36100df42ed858219c368e7afe) Importer(815301076,1909f56bfc062723c751e8b465ee728b)
Start importing Assets/Delegate_example.cs using Guid(6130dc36100df42ed858219c368e7afe) Importer(815301076,1909f56bfc062723c751e8b465ee728b)  -> (artifact id: 'c7cedae22c43b8945410898ec9aeeaf1') in 0.004537 seconds
  Import took 0.008117 seconds .

========================================================================
Received Prepare
Registering precompiled user dll's ...
Registered in 0.000325 seconds.
Begin MonoManager ReloadAssembly
Native extension for OSXStandalone target not found
Refreshing native plugins compatible for Editor in 0.27 ms, found 1 plugins.
Preloading 0 native plugins for Editor in 0.00 ms.
Mono: successfully reloaded assembly
- Completed reload, in  0.938 seconds
Platform modules already initialized, skipping
Refreshing native plugins compatible for Editor in 0.18 ms, found 1 plugins.
Preloading 0 native plugins for Editor in 0.00 ms.
Unloading 1111 Unused Serialized files (Serialized files now loaded: 0)
System memory in use before: 113.5 MB.
System memory in use after: 113.6 MB.

Unloading 5 unused Assets to reduce memory usage. Loaded Objects now: 1561.
Total: 2.691190 ms (FindLiveObjects: 0.263282 ms CreateObjectMapping: 0.064795 ms MarkObjects: 2.258794 ms  DeleteObjects: 0.101938 ms)

========================================================================
Received Prepare
Registering precompiled user dll's ...
Registered in 0.000418 seconds.
Begin MonoManager ReloadAssembly
Native extension for OSXStandalone target not found
Refreshing native plugins compatible for Editor in 0.28 ms, found 1 plugins.
Preloading 0 native plugins for Editor in 0.00 ms.
Mono: successfully reloaded assembly
- Completed reload, in  0.994 seconds
Platform modules already initialized, skipping
Refreshing native plugins compatible for Editor in 0.24 ms, found 1 plugins.
Preloading 0 native plugins for Editor in 0.00 ms.
Unloading 1111 Unused Serialized files (Serialized files now loaded: 0)
System memory in use before: 113.7 MB.
System memory in use after: 113.8 MB.

Unloading 5 unused Assets to reduce memory usage. Loaded Objects now: 1564.
Total: 1.989035 ms (FindLiveObjects: 0.247118 ms CreateObjectMapping: 0.046451 ms MarkObjects: 1.641412 ms  DeleteObjects: 0.052929 ms)

========================================================================
Received Import Request.
  Time since last request: 427.672561 seconds.
  path: Assets/Delegate_example.cs
  artifactKey: Guid(6130dc36100df42ed858219c368e7afe) Importer(815301076,1909f56bfc062723c751e8b465ee728b)
Start importing Assets/Delegate_example.cs using Guid(6130dc36100df42ed858219c368e7afe) Importer(815301076,1909f56bfc062723c751e8b465ee728b)  -> (artifact id: '77742602825371ac68651300a474678a') in 0.069678 seconds
  Import took 0.087377 seconds .

========================================================================
Received Prepare
Registering precompiled user dll's ...
Registered in 0.000378 seconds.
Begin MonoManager ReloadAssembly
Native extension for OSXStandalone target not found
Refreshing native plugins compatible for Editor in 0.28 ms, found 1 plugins.
Preloading 0 native plugins for Editor in 0.00 ms.
Mono: successfully reloaded assembly
- Completed reload, in  1.024 seconds
Platform modules already initialized, skipping
Refreshing native plugins compatible for Editor in 0.18 ms, found 1 plugins.
Preloading 0 native plugins for Editor in 0.00 ms.
Unloading 1111 Unused Serialized files (Serialized files now loaded: 0)
System memory in use before: 114.0 MB.
System memory in use after: 114.0 MB.

Unloading 5 unused Assets to reduce memory usage. Loaded Objects now: 1567.
Total: 1.734307 ms (FindLiveObjects: 0.149126 ms CreateObjectMapping: 0.032171 ms MarkObjects: 1.490016 ms  DeleteObjects: 0.061950 ms)

========================================================================
Received Import Request.
  Time since last request: 40.479013 seconds.
  path: Assets/Delegate_example.cs
  artifactKey: Guid(6130dc36100df42ed858219c368e7afe) Importer(815301076,1909f56bfc062723c751e8b465ee728b)
Start importing Assets/Delegate_example.cs using Guid(6130dc36100df42ed858219c368e7afe) Importer(815301076,1909f56bfc062723c751e8b465ee728b)  -> (artifact id: '285b4180011c57079c039076c30d0541') in 0.007290 seconds
  Import took 0.010177 seconds .

========================================================================
Received Prepare
Registering precompiled user dll's ...
Registered in 0.000312 seconds.
Begin MonoManager ReloadAssembly
Native extension for OSXStandalone target not found
Refreshing native plugins compatible for Editor in 0.24 ms, found 1 plugins.
Preloading 0 native plugins for Editor in 0.00 ms.
Mono: successfully reloaded assembly
- Completed reload, in  0.839 seconds
Platform modules already initialized, skipping
Refreshing native plugins compatible for Editor in 0.18 ms, found 1 plugins.
Preloading 0 native plugins for Editor in 0.00 ms.
Unloading 1111 Unused Serialized files (Serialized files now loaded: 0)
System memory in use before: 114.1 MB.
System memory in use after: 114.2 MB.

Unloading 5 unused Assets to reduce memory usage. Loaded Objects now: 1570.
Total: 1.612782 ms (FindLiveObjects: 0.136007 ms CreateObjectMapping: 0.031252 ms MarkObjects: 1.401856 ms  DeleteObjects: 0.042322 ms)

========================================================================
Received Import Request.
  Time since last request: 36.202749 seconds.
  path: Assets/Delegate_example.cs
  artifactKey: Guid(6130dc36100df42ed858219c368e7afe) Importer(815301076,1909f56bfc062723c751e8b465ee728b)
Start importing Assets/Delegate_example.cs using Guid(6130dc36100df42ed858219c368e7afe) Importer(815301076,1909f56bfc062723c751e8b465ee728b)  -> (artifact id: '56061216070016fe9ea05d78e13d890f') in 0.009885 seconds
  Import took 0.012349 seconds .

========================================================================
Received Import Request.
  Time since last request: 28.359556 seconds.
  path: Assets/Delegate_example.cs
  artifactKey: Guid(6130dc36100df42ed858219c368e7afe) Importer(815301076,1909f56bfc062723c751e8b465ee728b)
Start importing Assets/Delegate_example.cs using Guid(6130dc36100df42ed858219c368e7afe) Importer(815301076,1909f56bfc062723c751e8b465ee728b)  -> (artifact id: '09b279bae6a8d1a234ac9f56e1e7c6aa') in 0.007071 seconds
  Import took 0.010719 seconds .

========================================================================
Received Import Request.
  Time since last request: 7.871524 seconds.
  path: Assets/Delegate_example.cs
  artifactKey: Guid(6130dc36100df42ed858219c368e7afe) Importer(815301076,1909f56bfc062723c751e8b465ee728b)
Start importing Assets/Delegate_example.cs using Guid(6130dc36100df42ed858219c368e7afe) Importer(815301076,1909f56bfc062723c751e8b465ee728b)  -> (artifact id: 'bf9cdb17878472d2b2df472bafe04141') in 0.006689 seconds
  Import took 0.009242 seconds .

========================================================================
Received Import Request.
  Time since last request: 10.192377 seconds.
  path: Assets/Delegate_example.cs
  artifactKey: Guid(6130dc36100df42ed858219c368e7afe) Importer(815301076,1909f56bfc062723c751e8b465ee728b)
Start importing Assets/Delegate_example.cs using Guid(6130dc36100df42ed858219c368e7afe) Importer(815301076,1909f56bfc062723c751e8b465ee728b)  -> (artifact id: '67808bfe2e269a7ce020c36ad5aeb060') in 0.004804 seconds
  Import took 0.007658 seconds .

========================================================================
Received Import Request.
  Time since last request: 21.519209 seconds.
  path: Assets/Delegate_example.cs
  artifactKey: Guid(6130dc36100df42ed858219c368e7afe) Importer(815301076,1909f56bfc062723c751e8b465ee728b)
Start importing Assets/Delegate_example.cs using Guid(6130dc36100df42ed858219c368e7afe) Importer(815301076,1909f56bfc062723c751e8b465ee728b)  -> (artifact id: '2177b4b92470268f82549f0f0f3a83ec') in 0.003998 seconds
  Import took 0.006158 seconds .

========================================================================
Received Import Request.
  Time since last request: 52.626938 seconds.
  path: Assets/Delegate_example.cs
  artifactKey: Guid(6130dc36100df42ed858219c368e7afe) Importer(815301076,1909f56bfc062723c751e8b465ee728b)
Start importing Assets/Delegate_example.cs using Guid(6130dc36100df42ed858219c368e7afe) Importer(815301076,1909f56bfc062723c751e8b465ee728b)  -> (artifact id: '157620345ada640960df3502f1147263') in 0.006089 seconds
  Import took 0.008679 seconds .

========================================================================
Received Prepare
Registering precompiled user dll's ...
Registered in 0.000317 seconds.
Begin MonoManager ReloadAssembly
Native extension for OSXStandalone target not found
Refreshing native plugins compatible for Editor in 0.27 ms, found 1 plugins.
Preloading 0 native plugins for Editor in 0.00 ms.
Mono: successfully reloaded assembly
- Completed reload, in  0.929 seconds
Platform modules already initialized, skipping
Refreshing native plugins compatible for Editor in 0.20 ms, found 1 plugins.
Preloading 0 native plugins for Editor in 0.00 ms.
Unloading 1111 Unused Serialized files (Serialized files now loaded: 0)
System memory in use before: 114.3 MB.
System memory in use after: 114.3 MB.

Unloading 5 unused Assets to reduce memory usage. Loaded Objects now: 1573.
Total: 2.033240 ms (FindLiveObjects: 0.162761 ms CreateObjectMapping: 0.031360 ms MarkObjects: 1.766455 ms  DeleteObjects: 0.071017 ms)

========================================================================
Received Prepare
Registering precompiled user dll's ...
Registered in 0.000300 seconds.
Begin MonoManager ReloadAssembly
Native extension for OSXStandalone target not found
Refreshing native plugins compatible for Editor in 0.24 ms, found 1 plugins.
Preloading 0 native plugins for Editor in 0.00 ms.
Mono: successfully reloaded assembly
- Completed reload, in  0.881 seconds
Platform modules already initialized, skipping
Refreshing native plugins compatible for Editor in 0.16 ms, found 1 plugins.
Preloading 0 native plugins for Editor in 0.00 ms.
Unloading 1111 Unused Serialized files (Serialized files now loaded: 0)
System memory in use before: 114.4 MB.
System memory in use after: 114.5 MB.

Unloading 5 unused Assets to reduce memory usage. Loaded Objects now: 1576.
Total: 1.585235 ms (FindLiveObjects: 0.152090 ms CreateObjectMapping: 0.037093 ms MarkObjects: 1.348489 ms  DeleteObjects: 0.046197 ms)

========================================================================
Received Prepare
Registering precompiled user dll's ...
Registered in 0.000287 seconds.
Begin MonoManager ReloadAssembly
Native extension for OSXStandalone target not found
Refreshing native plugins compatible for Editor in 0.27 ms, found 1 plugins.
Preloading 0 native plugins for Editor in 0.00 ms.
Mono: successfully reloaded assembly
- Completed reload, in  0.939 seconds
Platform modules already initialized, skipping
Refreshing native plugins compatible for Editor in 0.18 ms, found 1 plugins.
Preloading 0 native plugins for Editor in 0.00 ms.
Unloading 1111 Unused Serialized files (Serialized files now loaded: 0)
System memory in use before: 114.6 MB.
System memory in use after: 114.7 MB.

Unloading 5 unused Assets to reduce memory usage. Loaded Objects now: 1579.
Total: 1.799636 ms (FindLiveObjects: 0.169106 ms CreateObjectMapping: 0.038250 ms MarkObjects: 1.542350 ms  DeleteObjects: 0.048513 ms)

========================================================================
Received Prepare
Registering precompiled user dll's ...
Registered in 0.000403 seconds.
Begin MonoManager ReloadAssembly
Native extension for OSXStandalone target not found
Refreshing native plugins compatible for Editor in 0.30 ms, found 1 plugins.
Preloading 0 native plugins for Editor in 0.00 ms.
Mono: successfully reloaded assembly
- Completed reload, in  1.113 seconds
Platform modules already initialized, skipping
Refreshing native plugins compatible for Editor in 0.18 ms, found 1 plugins.
Preloading 0 native plugins for Editor in 0.00 ms.
Unloading 1111 Unused Serialized files (Serialized files now loaded: 0)
System memory in use before: 114.8 MB.
System memory in use after: 114.8 MB.

Unloading 5 unused Assets to reduce memory usage. Loaded Objects now: 1582.
Total: 2.329456 ms (FindLiveObjects: 0.196162 ms CreateObjectMapping: 0.052141 ms MarkObjects: 2.004842 ms  DeleteObjects: 0.074125 ms)

========================================================================
Received Prepare
Registering precompiled user dll's ...
Registered in 0.000401 seconds.
Begin MonoManager ReloadAssembly
Native extension for OSXStandalone target not found
Refreshing native plugins compatible for Editor in 0.26 ms, found 1 plugins.
Preloading 0 native plugins for Editor in 0.00 ms.
Mono: successfully reloaded assembly
- Completed reload, in  0.968 seconds
Platform modules already initialized, skipping
Refreshing native plugins compatible for Editor in 0.25 ms, found 1 plugins.
Preloading 0 native plugins for Editor in 0.00 ms.
Unloading 1111 Unused Serialized files (Serialized files now loaded: 0)
System memory in use before: 114.9 MB.
System memory in use after: 115.0 MB.

Unloading 5 unused Assets to reduce memory usage. Loaded Objects now: 1585.
Total: 1.641592 ms (FindLiveObjects: 0.202686 ms CreateObjectMapping: 0.035992 ms MarkObjects: 1.346482 ms  DeleteObjects: 0.053711 ms)

========================================================================
Received Import Request.
  Time since last request: 748.019515 seconds.
  path: Assets/spherecolor.mat
  artifactKey: Guid(344e4ba94d7194a748c3c006ad069939) Importer(815301076,1909f56bfc062723c751e8b465ee728b)
Start importing Assets/spherecolor.mat using Guid(344e4ba94d7194a748c3c006ad069939) Importer(815301076,1909f56bfc062723c751e8b465ee728b)  -> (artifact id: '99adf46126b5b3c10c11d71fee35413f') in 0.479227 seconds
  Import took 0.481651 seconds .

========================================================================
Received Prepare
Registering precompiled user dll's ...
Registered in 0.000324 seconds.
Begin MonoManager ReloadAssembly
Native extension for OSXStandalone target not found
Refreshing native plugins compatible for Editor in 0.31 ms, found 1 plugins.
Preloading 0 native plugins for Editor in 0.00 ms.
Mono: successfully reloaded assembly
- Completed reload, in  0.941 seconds
Platform modules already initialized, skipping
Refreshing native plugins compatible for Editor in 0.20 ms, found 1 plugins.
Preloading 0 native plugins for Editor in 0.00 ms.
Unloading 1111 Unused Serialized files (Serialized files now loaded: 0)
System memory in use before: 123.3 MB.
System memory in use after: 123.4 MB.

Unloading 5 unused Assets to reduce memory usage. Loaded Objects now: 1628.
Total: 1.724912 ms (FindLiveObjects: 0.158949 ms CreateObjectMapping: 0.036164 ms MarkObjects: 1.481511 ms  DeleteObjects: 0.046589 ms)

========================================================================
Received Prepare
Registering precompiled user dll's ...
Registered in 0.001650 seconds.
Begin MonoManager ReloadAssembly
Native extension for OSXStandalone target not found
Refreshing native plugins compatible for Editor in 0.28 ms, found 1 plugins.
Preloading 0 native plugins for Editor in 0.00 ms.
Mono: successfully reloaded assembly
- Completed reload, in  1.008 seconds
Platform modules already initialized, skipping
Refreshing native plugins compatible for Editor in 0.19 ms, found 1 plugins.
Preloading 0 native plugins for Editor in 0.00 ms.
Unloading 1111 Unused Serialized files (Serialized files now loaded: 0)
System memory in use before: 123.5 MB.
System memory in use after: 123.6 MB.

Unloading 5 unused Assets to reduce memory usage. Loaded Objects now: 1631.
Total: 1.997731 ms (FindLiveObjects: 0.257068 ms CreateObjectMapping: 0.049747 ms MarkObjects: 1.633138 ms  DeleteObjects: 0.056588 ms)

========================================================================
Received Prepare
Registering precompiled user dll's ...
Registered in 0.000342 seconds.
Begin MonoManager ReloadAssembly
Native extension for OSXStandalone target not found
Refreshing native plugins compatible for Editor in 0.37 ms, found 1 plugins.
Preloading 0 native plugins for Editor in 0.00 ms.
Mono: successfully reloaded assembly
- Completed reload, in  0.905 seconds
Platform modules already initialized, skipping
Refreshing native plugins compatible for Editor in 0.17 ms, found 1 plugins.
Preloading 0 native plugins for Editor in 0.00 ms.
Unloading 1111 Unused Serialized files (Serialized files now loaded: 0)
System memory in use before: 123.7 MB.
System memory in use after: 123.7 MB.

Unloading 5 unused Assets to reduce memory usage. Loaded Objects now: 1634.
Total: 1.781147 ms (FindLiveObjects: 0.200706 ms CreateObjectMapping: 0.047134 ms MarkObjects: 1.487524 ms  DeleteObjects: 0.044603 ms)

========================================================================
Received Prepare
Registering precompiled user dll's ...
Registered in 0.001301 seconds.
Begin MonoManager ReloadAssembly
Native extension for OSXStandalone target not found
Refreshing native plugins compatible for Editor in 0.58 ms, found 1 plugins.
Preloading 0 native plugins for Editor in 0.00 ms.
Mono: successfully reloaded assembly
- Completed reload, in  1.749 seconds
Platform modules already initialized, skipping
Refreshing native plugins compatible for Editor in 0.44 ms, found 1 plugins.
Preloading 0 native plugins for Editor in 0.00 ms.
Unloading 1111 Unused Serialized files (Serialized files now loaded: 0)
System memory in use before: 123.8 MB.
System memory in use after: 123.9 MB.

Unloading 5 unused Assets to reduce memory usage. Loaded Objects now: 1637.
Total: 2.597242 ms (FindLiveObjects: 0.288336 ms CreateObjectMapping: 0.050993 ms MarkObjects: 2.130507 ms  DeleteObjects: 0.123144 ms)

========================================================================
Received Prepare
Registering precompiled user dll's ...
Registered in 0.000348 seconds.
Begin MonoManager ReloadAssembly
Native extension for OSXStandalone target not found
Refreshing native plugins compatible for Editor in 1.03 ms, found 1 plugins.
Preloading 0 native plugins for Editor in 0.00 ms.
Mono: successfully reloaded assembly
- Completed reload, in  1.685 seconds
Platform modules already initialized, skipping
Refreshing native plugins compatible for Editor in 0.33 ms, found 1 plugins.
Preloading 0 native plugins for Editor in 0.00 ms.
Unloading 1111 Unused Serialized files (Serialized files now loaded: 0)
System memory in use before: 124.0 MB.
System memory in use after: 124.1 MB.

Unloading 5 unused Assets to reduce memory usage. Loaded Objects now: 1640.
Total: 6.122318 ms (FindLiveObjects: 0.609087 ms CreateObjectMapping: 0.097007 ms MarkObjects: 5.291998 ms  DeleteObjects: 0.120086 ms)

========================================================================
Received Prepare
Registering precompiled user dll's ...
Registered in 0.000389 seconds.
Begin MonoManager ReloadAssembly
Native extension for OSXStandalone target not found
Refreshing native plugins compatible for Editor in 0.32 ms, found 1 plugins.
Preloading 0 native plugins for Editor in 0.00 ms.
Mono: successfully reloaded assembly
- Completed reload, in  1.073 seconds
Platform modules already initialized, skipping
Refreshing native plugins compatible for Editor in 0.21 ms, found 1 plugins.
Preloading 0 native plugins for Editor in 0.00 ms.
Unloading 1111 Unused Serialized files (Serialized files now loaded: 0)
System memory in use before: 124.2 MB.
System memory in use after: 124.2 MB.

Unloading 5 unused Assets to reduce memory usage. Loaded Objects now: 1643.
Total: 1.781312 ms (FindLiveObjects: 0.217676 ms CreateObjectMapping: 0.036757 ms MarkObjects: 1.476768 ms  DeleteObjects: 0.048672 ms)

========================================================================
Received Prepare
Registering precompiled user dll's ...
Registered in 0.000385 seconds.
Begin MonoManager ReloadAssembly
Native extension for OSXStandalone target not found
Refreshing native plugins compatible for Editor in 0.27 ms, found 1 plugins.
Preloading 0 native plugins for Editor in 0.00 ms.
Mono: successfully reloaded assembly
- Completed reload, in  0.930 seconds
Platform modules already initialized, skipping
Refreshing native plugins compatible for Editor in 0.18 ms, found 1 plugins.
Preloading 0 native plugins for Editor in 0.00 ms.
Unloading 1111 Unused Serialized files (Serialized files now loaded: 0)
System memory in use before: 124.3 MB.
System memory in use after: 124.4 MB.

Unloading 5 unused Assets to reduce memory usage. Loaded Objects now: 1646.
Total: 2.474146 ms (FindLiveObjects: 0.227170 ms CreateObjectMapping: 0.053114 ms MarkObjects: 2.127979 ms  DeleteObjects: 0.064185 ms)

========================================================================
Received Prepare
Registering precompiled user dll's ...
Registered in 0.000408 seconds.
Begin MonoManager ReloadAssembly
Native extension for OSXStandalone target not found
Refreshing native plugins compatible for Editor in 0.25 ms, found 1 plugins.
Preloading 0 native plugins for Editor in 0.00 ms.
Mono: successfully reloaded assembly
- Completed reload, in  0.965 seconds
Platform modules already initialized, skipping
Refreshing native plugins compatible for Editor in 0.20 ms, found 1 plugins.
Preloading 0 native plugins for Editor in 0.00 ms.
Unloading 1111 Unused Serialized files (Serialized files now loaded: 0)
System memory in use before: 124.5 MB.
System memory in use after: 124.6 MB.

Unloading 5 unused Assets to reduce memory usage. Loaded Objects now: 1649.
Total: 2.647209 ms (FindLiveObjects: 0.264381 ms CreateObjectMapping: 0.053770 ms MarkObjects: 2.259315 ms  DeleteObjects: 0.067870 ms)

========================================================================
Received Prepare
Registering precompiled user dll's ...
Registered in 0.000312 seconds.
Begin MonoManager ReloadAssembly
Native extension for OSXStandalone target not found
Refreshing native plugins compatible for Editor in 0.25 ms, found 1 plugins.
Preloading 0 native plugins for Editor in 0.00 ms.
Mono: successfully reloaded assembly
- Completed reload, in  0.909 seconds
Platform modules already initialized, skipping
Refreshing native plugins compatible for Editor in 0.18 ms, found 1 plugins.
Preloading 0 native plugins for Editor in 0.00 ms.
Unloading 1111 Unused Serialized files (Serialized files now loaded: 0)
System memory in use before: 124.7 MB.
System memory in use after: 124.7 MB.

Unloading 5 unused Assets to reduce memory usage. Loaded Objects now: 1652.
Total: 1.884442 ms (FindLiveObjects: 0.195951 ms CreateObjectMapping: 0.030982 ms MarkObjects: 1.596277 ms  DeleteObjects: 0.059167 ms)

========================================================================
Received Prepare
Registering precompiled user dll's ...
Registered in 0.001566 seconds.
Begin MonoManager ReloadAssembly
Native extension for OSXStandalone target not found
Refreshing native plugins compatible for Editor in 0.27 ms, found 1 plugins.
Preloading 0 native plugins for Editor in 0.00 ms.
Mono: successfully reloaded assembly
- Completed reload, in  0.989 seconds
Platform modules already initialized, skipping
Refreshing native plugins compatible for Editor in 0.18 ms, found 1 plugins.
Preloading 0 native plugins for Editor in 0.00 ms.
Unloading 1111 Unused Serialized files (Serialized files now loaded: 0)
System memory in use before: 124.8 MB.
System memory in use after: 124.9 MB.

Unloading 5 unused Assets to reduce memory usage. Loaded Objects now: 1655.
Total: 1.619780 ms (FindLiveObjects: 0.155149 ms CreateObjectMapping: 0.035705 ms MarkObjects: 1.382124 ms  DeleteObjects: 0.045426 ms)

